<html>
<head>
<title>TestNG:  Default test</title>
<link href="../testng.css" rel="stylesheet" type="text/css" />
<link href="../my-testng.css" rel="stylesheet" type="text/css" />

<style type="text/css">
.log { display: none;} 
.stack-trace { display: none;} 
</style>
<script type="text/javascript">
<!--
function flip(e) {
  current = e.style.display;
  if (current == 'block') {
    e.style.display = 'none';
    return 0;
  }
  else {
    e.style.display = 'block';
    return 1;
  }
}

function toggleBox(szDivId, elem, msg1, msg2)
{
  var res = -1;  if (document.getElementById) {
    res = flip(document.getElementById(szDivId));
  }
  else if (document.all) {
    // this is the way old msie versions work
    res = flip(document.all[szDivId]);
  }
  if(elem) {
    if(res == 0) elem.innerHTML = msg1; else elem.innerHTML = msg2;
  }

}

function toggleAllBoxes() {
  if (document.getElementsByTagName) {
    d = document.getElementsByTagName('div');
    for (i = 0; i < d.length; i++) {
      if (d[i].className == 'log') {
        flip(d[i]);
      }
    }
  }
}

// -->
</script>

</head>
<body>
<h2 align='center'>Default test</h2><table border='1' align="center">
<tr>
<td>Tests passed/Failed/Skipped:</td><td>10/3/0</td>
</tr><tr>
<td>Started on:</td><td>Sat Dec 06 03:39:23 EST 2025</td>
</tr>
<tr><td>Total time:</td><td>123 seconds (123035 ms)</td>
</tr><tr>
<td>Included groups:</td><td></td>
</tr><tr>
<td>Excluded groups:</td><td></td>
</tr>
</table><p/>
<small><i>(Hover the method name to see the test class name)</i></small><p/>
<table width='100%' border='1' class='invocation-failed'>
<tr><td colspan='4' align='center'><b>FAILED TESTS</b></td></tr>
<tr><td><b>Test method</b></td>
<td><b>Attribute(s)</b></td>
<td width="30%"><b>Exception</b></td>
<td width="10%"><b>Time (seconds)</b></td>
<td><b>Instance</b></td>
</tr>
<tr>
<td title='com.RahulShetty.Runners.TestRunner.runScenario()'><b>runScenario</b><br>Test class: com.RahulShetty.Runners.TestRunner<br>Test method: Runs Cucumber Scenarios<br>Parameters: "verify user can select country from suggestion dropdown", "Practise Page Testing"</td>
<td><div><pre>org.openqa.selenium.TimeoutException: Expected condition failed: waiting for visibility of all [[[ChromeDriver: chrome on windows (e245135570417080475fde6de713ecd4)] -&gt; css selector: div.ui-menu-item-wrapper], [[ChromeDriver: chrome on windows (e245135570417080475fde6de713ecd4)] -&gt; css selector: div.ui-menu-item-wrapper], [[ChromeDriver: chrome on windows (e245135570417080475fde6de713ecd4)] -&gt; css selector: div.ui-menu-item-wrapper], [[ChromeDriver: chrome on windows (e245135570417080475fde6de713ecd4)] -&gt; css selector: div.ui-menu-item-wrapper], [[ChromeDriver: chrome on windows (e245135570417080475fde6de713ecd4)] -&gt; css selector: div.ui-menu-item-wrapper], [[ChromeDriver: chrome on windows (e245135570417080475fde6de713ecd4)] -&gt; css selector: div.ui-menu-item-wrapper], [[ChromeDriver: chrome on windows (e245135570417080475fde6de713ecd4)] -&gt; css selector: div.ui-menu-item-wrapper], [[ChromeDriver: chrome on windows (e245135570417080475fde6de713ecd4)] -&gt; css selector: div.ui-menu-item-wrapper], [[ChromeDriver: chrome on windows (e245135570417080475fde6de713ecd4)] -&gt; css selector: div.ui-menu-item-wrapper], [[ChromeDriver: chrome on windows (e245135570417080475fde6de713ecd4)] -&gt; css selector: div.ui-menu-item-wrapper], [[ChromeDriver: chrome on windows (e245135570417080475fde6de713ecd4)] -&gt; css selector: div.ui-menu-item-wrapper], [[ChromeDriver: chrome on windows (e245135570417080475fde6de713ecd4)] -&gt; css selector: div.ui-menu-item-wrapper], [[ChromeDriver: chrome on windows (e245135570417080475fde6de713ecd4)] -&gt; css selector: div.ui-menu-item-wrapper], [[ChromeDriver: chrome on windows (e245135570417080475fde6de713ecd4)] -&gt; css selector: div.ui-menu-item-wrapper], [[ChromeDriver: chrome on windows (e245135570417080475fde6de713ecd4)] -&gt; css selector: div.ui-menu-item-wrapper], [[ChromeDriver: chrome on windows (e245135570417080475fde6de713ecd4)] -&gt; css selector: div.ui-menu-item-wrapper], [[ChromeDriver: chrome on windows (e245135570417080475fde6de713ecd4)] -&gt; css selector: div.ui-menu-item-wrapper], [[ChromeDriver: chrome on windows (e245135570417080475fde6de713ecd4)] -&gt; css selector: div.ui-menu-item-wrapper], [[ChromeDriver: chrome on windows (e245135570417080475fde6de713ecd4)] -&gt; css selector: div.ui-menu-item-wrapper], [[ChromeDriver: chrome on windows (e245135570417080475fde6de713ecd4)] -&gt; css selector: div.ui-menu-item-wrapper], [[ChromeDriver: chrome on windows (e245135570417080475fde6de713ecd4)] -&gt; css selector: div.ui-menu-item-wrapper], [[ChromeDriver: chrome on windows (e245135570417080475fde6de713ecd4)] -&gt; css selector: div.ui-menu-item-wrapper], [[ChromeDriver: chrome on windows (e245135570417080475fde6de713ecd4)] -&gt; css selector: div.ui-menu-item-wrapper], [[ChromeDriver: chrome on windows (e245135570417080475fde6de713ecd4)] -&gt; css selector: div.ui-menu-item-wrapper], [[ChromeDriver: chrome on windows (e245135570417080475fde6de713ecd4)] -&gt; css selector: div.ui-menu-item-wrapper], [[ChromeDriver: chrome on windows (e245135570417080475fde6de713ecd4)] -&gt; css selector: div.ui-menu-item-wrapper], [[ChromeDriver: chrome on windows (e245135570417080475fde6de713ecd4)] -&gt; css selector: div.ui-menu-item-wrapper], [[ChromeDriver: chrome on windows (e245135570417080475fde6de713ecd4)] -&gt; css selector: div.ui-menu-item-wrapper], [[ChromeDriver: chrome on windows (e245135570417080475fde6de713ecd4)] -&gt; css selector: div.ui-menu-item-wrapper], [[ChromeDriver: chrome on windows (e245135570417080475fde6de713ecd4)] -&gt; css selector: div.ui-menu-item-wrapper], [[ChromeDriver: chrome on windows (e245135570417080475fde6de713ecd4)] -&gt; css selector: div.ui-menu-item-wrapper], [[ChromeDriver: chrome on windows (e245135570417080475fde6de713ecd4)] -&gt; css selector: div.ui-menu-item-wrapper], [[ChromeDriver: chrome on windows (e245135570417080475fde6de713ecd4)] -&gt; css selector: div.ui-menu-item-wrapper], [[ChromeDriver: chrome on windows (e245135570417080475fde6de713ecd4)] -&gt; css selector: div.ui-menu-item-wrapper], [[ChromeDriver: chrome on windows (e245135570417080475fde6de713ecd4)] -&gt; css selector: div.ui-menu-item-wrapper], [[ChromeDriver: chrome on windows (e245135570417080475fde6de713ecd4)] -&gt; css selector: div.ui-menu-item-wrapper]] (tried for 5 second(s) with 500 milliseconds interval)
Build info: version: &apos;4.25.0&apos;, revision: &apos;8a8aea2337&apos;
System info: os.name: &apos;Windows 11&apos;, os.arch: &apos;amd64&apos;, os.version: &apos;10.0&apos;, java.version: &apos;17.0.12&apos;
Driver info: org.openqa.selenium.chrome.ChromeDriver
Capabilities {acceptInsecureCerts: false, browserName: chrome, browserVersion: 142.0.7444.176, chrome: {chromedriverVersion: 142.0.7444.175 (302067f14a4..., userDataDir: C:\Users\harih\AppData\Loca...}, fedcm:accounts: true, goog:chromeOptions: {debuggerAddress: localhost:57031}, goog:processID: 23528, networkConnectionEnabled: false, pageLoadStrategy: normal, platformName: windows, proxy: Proxy(), se:cdp: ws://localhost:57031/devtoo..., se:cdpVersion: 142.0.7444.176, setWindowRect: true, strictFileInteractability: false, timeouts: {implicit: 0, pageLoad: 300000, script: 30000}, unhandledPromptBehavior: dismiss and notify, webauthn:extension:credBlob: true, webauthn:extension:largeBlob: true, webauthn:extension:minPinLength: true, webauthn:extension:prf: true, webauthn:virtualAuthenticators: true}
Session ID: e245135570417080475fde6de713ecd4
	at org.openqa.selenium.support.ui.WebDriverWait.timeoutException(WebDriverWait.java:84)
	at org.openqa.selenium.support.ui.FluentWait.until(FluentWait.java:228)
	at com.RahulShetty.Pages.AutomationPage.SelectSuggestion(AutomationPage.java:172)
	at com.RahulShetty.Stepdefs.AutomationPageStepDefs.userSelectsFromSuggestions(AutomationPageStepDefs.java:100)
	at ✽.user selects &quot;India&quot; from suggestions(file:///C:/Users/harih/eclipse-workspace/Com.RahulShetty/src/test/resources/features/Automation.feature:40)
</pre></div><a href='#' onClick='toggleBox("stack-trace1937760767", this, "Click to show all stack frames", "Click to hide stack frames")'>Click to show all stack frames</a>
<div class='stack-trace' id='stack-trace1937760767'><pre>org.openqa.selenium.TimeoutException: Expected condition failed: waiting for visibility of all [[[ChromeDriver: chrome on windows (e245135570417080475fde6de713ecd4)] -&gt; css selector: div.ui-menu-item-wrapper], [[ChromeDriver: chrome on windows (e245135570417080475fde6de713ecd4)] -&gt; css selector: div.ui-menu-item-wrapper], [[ChromeDriver: chrome on windows (e245135570417080475fde6de713ecd4)] -&gt; css selector: div.ui-menu-item-wrapper], [[ChromeDriver: chrome on windows (e245135570417080475fde6de713ecd4)] -&gt; css selector: div.ui-menu-item-wrapper], [[ChromeDriver: chrome on windows (e245135570417080475fde6de713ecd4)] -&gt; css selector: div.ui-menu-item-wrapper], [[ChromeDriver: chrome on windows (e245135570417080475fde6de713ecd4)] -&gt; css selector: div.ui-menu-item-wrapper], [[ChromeDriver: chrome on windows (e245135570417080475fde6de713ecd4)] -&gt; css selector: div.ui-menu-item-wrapper], [[ChromeDriver: chrome on windows (e245135570417080475fde6de713ecd4)] -&gt; css selector: div.ui-menu-item-wrapper], [[ChromeDriver: chrome on windows (e245135570417080475fde6de713ecd4)] -&gt; css selector: div.ui-menu-item-wrapper], [[ChromeDriver: chrome on windows (e245135570417080475fde6de713ecd4)] -&gt; css selector: div.ui-menu-item-wrapper], [[ChromeDriver: chrome on windows (e245135570417080475fde6de713ecd4)] -&gt; css selector: div.ui-menu-item-wrapper], [[ChromeDriver: chrome on windows (e245135570417080475fde6de713ecd4)] -&gt; css selector: div.ui-menu-item-wrapper], [[ChromeDriver: chrome on windows (e245135570417080475fde6de713ecd4)] -&gt; css selector: div.ui-menu-item-wrapper], [[ChromeDriver: chrome on windows (e245135570417080475fde6de713ecd4)] -&gt; css selector: div.ui-menu-item-wrapper], [[ChromeDriver: chrome on windows (e245135570417080475fde6de713ecd4)] -&gt; css selector: div.ui-menu-item-wrapper], [[ChromeDriver: chrome on windows (e245135570417080475fde6de713ecd4)] -&gt; css selector: div.ui-menu-item-wrapper], [[ChromeDriver: chrome on windows (e245135570417080475fde6de713ecd4)] -&gt; css selector: div.ui-menu-item-wrapper], [[ChromeDriver: chrome on windows (e245135570417080475fde6de713ecd4)] -&gt; css selector: div.ui-menu-item-wrapper], [[ChromeDriver: chrome on windows (e245135570417080475fde6de713ecd4)] -&gt; css selector: div.ui-menu-item-wrapper], [[ChromeDriver: chrome on windows (e245135570417080475fde6de713ecd4)] -&gt; css selector: div.ui-menu-item-wrapper], [[ChromeDriver: chrome on windows (e245135570417080475fde6de713ecd4)] -&gt; css selector: div.ui-menu-item-wrapper], [[ChromeDriver: chrome on windows (e245135570417080475fde6de713ecd4)] -&gt; css selector: div.ui-menu-item-wrapper], [[ChromeDriver: chrome on windows (e245135570417080475fde6de713ecd4)] -&gt; css selector: div.ui-menu-item-wrapper], [[ChromeDriver: chrome on windows (e245135570417080475fde6de713ecd4)] -&gt; css selector: div.ui-menu-item-wrapper], [[ChromeDriver: chrome on windows (e245135570417080475fde6de713ecd4)] -&gt; css selector: div.ui-menu-item-wrapper], [[ChromeDriver: chrome on windows (e245135570417080475fde6de713ecd4)] -&gt; css selector: div.ui-menu-item-wrapper], [[ChromeDriver: chrome on windows (e245135570417080475fde6de713ecd4)] -&gt; css selector: div.ui-menu-item-wrapper], [[ChromeDriver: chrome on windows (e245135570417080475fde6de713ecd4)] -&gt; css selector: div.ui-menu-item-wrapper], [[ChromeDriver: chrome on windows (e245135570417080475fde6de713ecd4)] -&gt; css selector: div.ui-menu-item-wrapper], [[ChromeDriver: chrome on windows (e245135570417080475fde6de713ecd4)] -&gt; css selector: div.ui-menu-item-wrapper], [[ChromeDriver: chrome on windows (e245135570417080475fde6de713ecd4)] -&gt; css selector: div.ui-menu-item-wrapper], [[ChromeDriver: chrome on windows (e245135570417080475fde6de713ecd4)] -&gt; css selector: div.ui-menu-item-wrapper], [[ChromeDriver: chrome on windows (e245135570417080475fde6de713ecd4)] -&gt; css selector: div.ui-menu-item-wrapper], [[ChromeDriver: chrome on windows (e245135570417080475fde6de713ecd4)] -&gt; css selector: div.ui-menu-item-wrapper], [[ChromeDriver: chrome on windows (e245135570417080475fde6de713ecd4)] -&gt; css selector: div.ui-menu-item-wrapper], [[ChromeDriver: chrome on windows (e245135570417080475fde6de713ecd4)] -&gt; css selector: div.ui-menu-item-wrapper]] (tried for 5 second(s) with 500 milliseconds interval)
Build info: version: &apos;4.25.0&apos;, revision: &apos;8a8aea2337&apos;
System info: os.name: &apos;Windows 11&apos;, os.arch: &apos;amd64&apos;, os.version: &apos;10.0&apos;, java.version: &apos;17.0.12&apos;
Driver info: org.openqa.selenium.chrome.ChromeDriver
Capabilities {acceptInsecureCerts: false, browserName: chrome, browserVersion: 142.0.7444.176, chrome: {chromedriverVersion: 142.0.7444.175 (302067f14a4..., userDataDir: C:\Users\harih\AppData\Loca...}, fedcm:accounts: true, goog:chromeOptions: {debuggerAddress: localhost:57031}, goog:processID: 23528, networkConnectionEnabled: false, pageLoadStrategy: normal, platformName: windows, proxy: Proxy(), se:cdp: ws://localhost:57031/devtoo..., se:cdpVersion: 142.0.7444.176, setWindowRect: true, strictFileInteractability: false, timeouts: {implicit: 0, pageLoad: 300000, script: 30000}, unhandledPromptBehavior: dismiss and notify, webauthn:extension:credBlob: true, webauthn:extension:largeBlob: true, webauthn:extension:minPinLength: true, webauthn:extension:prf: true, webauthn:virtualAuthenticators: true}
Session ID: e245135570417080475fde6de713ecd4
	at org.openqa.selenium.support.ui.WebDriverWait.timeoutException(WebDriverWait.java:84)
	at org.openqa.selenium.support.ui.FluentWait.until(FluentWait.java:228)
	at com.RahulShetty.Pages.AutomationPage.SelectSuggestion(AutomationPage.java:172)
	at com.RahulShetty.Stepdefs.AutomationPageStepDefs.userSelectsFromSuggestions(AutomationPageStepDefs.java:100)
	at ✽.user selects &quot;India&quot; from suggestions(file:///C:/Users/harih/eclipse-workspace/Com.RahulShetty/src/test/resources/features/Automation.feature:40)
</pre></div></td>
<td>110</td>
<td>com.RahulShetty.Runners.TestRunner@8297b3a</td></tr>
<tr>
<td title='com.RahulShetty.Runners.TestRunner.runScenario()'><b>runScenario</b><br>Test class: com.RahulShetty.Runners.TestRunner<br>Test method: Runs Cucumber Scenarios<br>Parameters: "Verify Mouse Hover Options work", "Practise Page Testing"</td>
<td><div><pre>org.openqa.selenium.ElementNotInteractableException: element not interactable
  (Session info: chrome=142.0.7444.176)
Build info: version: &apos;4.25.0&apos;, revision: &apos;8a8aea2337&apos;
System info: os.name: &apos;Windows 11&apos;, os.arch: &apos;amd64&apos;, os.version: &apos;10.0&apos;, java.version: &apos;17.0.12&apos;
Driver info: org.openqa.selenium.chrome.ChromeDriver
Command: [d52ca71186b7d1d3dca268cbe3d0c7e8, clickElement {id=f.DC27CB8797136F07C72300F440BB3A24.d.300CAF137ED90EBB89390202CDB14E04.e.31}]
Capabilities {acceptInsecureCerts: false, browserName: chrome, browserVersion: 142.0.7444.176, chrome: {chromedriverVersion: 142.0.7444.175 (302067f14a4..., userDataDir: C:\Users\harih\AppData\Loca...}, fedcm:accounts: true, goog:chromeOptions: {debuggerAddress: localhost:62380}, goog:processID: 11332, networkConnectionEnabled: false, pageLoadStrategy: normal, platformName: windows, proxy: Proxy(), se:cdp: ws://localhost:62380/devtoo..., se:cdpVersion: 142.0.7444.176, setWindowRect: true, strictFileInteractability: false, timeouts: {implicit: 0, pageLoad: 300000, script: 30000}, unhandledPromptBehavior: dismiss and notify, webauthn:extension:credBlob: true, webauthn:extension:largeBlob: true, webauthn:extension:minPinLength: true, webauthn:extension:prf: true, webauthn:virtualAuthenticators: true}
Element: [[ChromeDriver: chrome on windows (d52ca71186b7d1d3dca268cbe3d0c7e8)] -&gt; css selector: .mouse-hover-content a:nth-child(2)]
Session ID: d52ca71186b7d1d3dca268cbe3d0c7e8
	at java.base/jdk.internal.reflect.NativeConstructorAccessorImpl.newInstance0(Native Method)
	at java.base/jdk.internal.reflect.NativeConstructorAccessorImpl.newInstance(NativeConstructorAccessorImpl.java:77)
	at java.base/jdk.internal.reflect.DelegatingConstructorAccessorImpl.newInstance(DelegatingConstructorAccessorImpl.java:45)
	at java.base/java.lang.reflect.Constructor.newInstanceWithCaller(Constructor.java:499)
	at java.base/java.lang.reflect.Constructor.newInstance(Constructor.java:480)
	at org.openqa.selenium.remote.ErrorCodec.decode(ErrorCodec.java:167)
	at org.openqa.selenium.remote.codec.w3c.W3CHttpResponseCodec.decode(W3CHttpResponseCodec.java:138)
	at org.openqa.selenium.remote.codec.w3c.W3CHttpResponseCodec.decode(W3CHttpResponseCodec.java:50)
	at org.openqa.selenium.remote.HttpCommandExecutor.execute(HttpCommandExecutor.java:190)
	at org.openqa.selenium.remote.service.DriverCommandExecutor.invokeExecute(DriverCommandExecutor.java:216)
	at org.openqa.selenium.remote.service.DriverCommandExecutor.execute(DriverCommandExecutor.java:174)
	at org.openqa.selenium.remote.RemoteWebDriver.execute(RemoteWebDriver.java:545)
	at org.openqa.selenium.remote.RemoteWebElement.execute(RemoteWebElement.java:223)
	at org.openqa.selenium.remote.RemoteWebElement.click(RemoteWebElement.java:76)
	at java.base/jdk.internal.reflect.NativeMethodAccessorImpl.invoke0(Native Method)
	at java.base/jdk.internal.reflect.NativeMethodAccessorImpl.invoke(NativeMethodAccessorImpl.java:77)
	at java.base/jdk.internal.reflect.DelegatingMethodAccessorImpl.invoke(DelegatingMethodAccessorImpl.java:43)
	at java.base/java.lang.reflect.Method.invoke(Method.java:568)
	at org.openqa.selenium.support.pagefactory.internal.LocatingElementHandler.invoke(LocatingElementHandler.java:51)
	at jdk.proxy2/jdk.proxy2.$Proxy40.click(Unknown Source)
	at com.RahulShetty.Pages.AutomationPage.ClickReloadButton(AutomationPage.java:307)
	at com.RahulShetty.Stepdefs.AutomationPageStepDefs.userClicksReloadOption(AutomationPageStepDefs.java:250)
	at ✽.user clicks Reload option(file:///C:/Users/harih/eclipse-workspace/Com.RahulShetty/src/test/resources/features/Automation.feature:115)
</pre></div><a href='#' onClick='toggleBox("stack-trace664331488", this, "Click to show all stack frames", "Click to hide stack frames")'>Click to show all stack frames</a>
<div class='stack-trace' id='stack-trace664331488'><pre>org.openqa.selenium.ElementNotInteractableException: element not interactable
  (Session info: chrome=142.0.7444.176)
Build info: version: &apos;4.25.0&apos;, revision: &apos;8a8aea2337&apos;
System info: os.name: &apos;Windows 11&apos;, os.arch: &apos;amd64&apos;, os.version: &apos;10.0&apos;, java.version: &apos;17.0.12&apos;
Driver info: org.openqa.selenium.chrome.ChromeDriver
Command: [d52ca71186b7d1d3dca268cbe3d0c7e8, clickElement {id=f.DC27CB8797136F07C72300F440BB3A24.d.300CAF137ED90EBB89390202CDB14E04.e.31}]
Capabilities {acceptInsecureCerts: false, browserName: chrome, browserVersion: 142.0.7444.176, chrome: {chromedriverVersion: 142.0.7444.175 (302067f14a4..., userDataDir: C:\Users\harih\AppData\Loca...}, fedcm:accounts: true, goog:chromeOptions: {debuggerAddress: localhost:62380}, goog:processID: 11332, networkConnectionEnabled: false, pageLoadStrategy: normal, platformName: windows, proxy: Proxy(), se:cdp: ws://localhost:62380/devtoo..., se:cdpVersion: 142.0.7444.176, setWindowRect: true, strictFileInteractability: false, timeouts: {implicit: 0, pageLoad: 300000, script: 30000}, unhandledPromptBehavior: dismiss and notify, webauthn:extension:credBlob: true, webauthn:extension:largeBlob: true, webauthn:extension:minPinLength: true, webauthn:extension:prf: true, webauthn:virtualAuthenticators: true}
Element: [[ChromeDriver: chrome on windows (d52ca71186b7d1d3dca268cbe3d0c7e8)] -&gt; css selector: .mouse-hover-content a:nth-child(2)]
Session ID: d52ca71186b7d1d3dca268cbe3d0c7e8
	at java.base/jdk.internal.reflect.NativeConstructorAccessorImpl.newInstance0(Native Method)
	at java.base/jdk.internal.reflect.NativeConstructorAccessorImpl.newInstance(NativeConstructorAccessorImpl.java:77)
	at java.base/jdk.internal.reflect.DelegatingConstructorAccessorImpl.newInstance(DelegatingConstructorAccessorImpl.java:45)
	at java.base/java.lang.reflect.Constructor.newInstanceWithCaller(Constructor.java:499)
	at java.base/java.lang.reflect.Constructor.newInstance(Constructor.java:480)
	at org.openqa.selenium.remote.ErrorCodec.decode(ErrorCodec.java:167)
	at org.openqa.selenium.remote.codec.w3c.W3CHttpResponseCodec.decode(W3CHttpResponseCodec.java:138)
	at org.openqa.selenium.remote.codec.w3c.W3CHttpResponseCodec.decode(W3CHttpResponseCodec.java:50)
	at org.openqa.selenium.remote.HttpCommandExecutor.execute(HttpCommandExecutor.java:190)
	at org.openqa.selenium.remote.service.DriverCommandExecutor.invokeExecute(DriverCommandExecutor.java:216)
	at org.openqa.selenium.remote.service.DriverCommandExecutor.execute(DriverCommandExecutor.java:174)
	at org.openqa.selenium.remote.RemoteWebDriver.execute(RemoteWebDriver.java:545)
	at org.openqa.selenium.remote.RemoteWebElement.execute(RemoteWebElement.java:223)
	at org.openqa.selenium.remote.RemoteWebElement.click(RemoteWebElement.java:76)
	at java.base/jdk.internal.reflect.NativeMethodAccessorImpl.invoke0(Native Method)
	at java.base/jdk.internal.reflect.NativeMethodAccessorImpl.invoke(NativeMethodAccessorImpl.java:77)
	at java.base/jdk.internal.reflect.DelegatingMethodAccessorImpl.invoke(DelegatingMethodAccessorImpl.java:43)
	at java.base/java.lang.reflect.Method.invoke(Method.java:568)
	at org.openqa.selenium.support.pagefactory.internal.LocatingElementHandler.invoke(LocatingElementHandler.java:51)
	at jdk.proxy2/jdk.proxy2.$Proxy40.click(Unknown Source)
	at com.RahulShetty.Pages.AutomationPage.ClickReloadButton(AutomationPage.java:307)
	at com.RahulShetty.Stepdefs.AutomationPageStepDefs.userClicksReloadOption(AutomationPageStepDefs.java:250)
	at ✽.user clicks Reload option(file:///C:/Users/harih/eclipse-workspace/Com.RahulShetty/src/test/resources/features/Automation.feature:115)
</pre></div></td>
<td>28</td>
<td>com.RahulShetty.Runners.TestRunner@8297b3a</td></tr>
<tr>
<td title='com.RahulShetty.Runners.TestRunner.runScenario()'><b>runScenario</b><br>Test class: com.RahulShetty.Runners.TestRunner<br>Test method: Runs Cucumber Scenarios<br>Parameters: "Verify user can select multiple checkbox", "Practise Page Testing"</td>
<td><div><pre>java.lang.NullPointerException: Cannot invoke &quot;String.equalsIgnoreCase(String)&quot; because &quot;browser&quot; is null
	at com.RahulShetty.Base.BaseTest.LaunchBrowser(BaseTest.java:28)
	at com.RahulShetty.Hooks.Hooks.setUp(Hooks.java:17)
</pre></div><a href='#' onClick='toggleBox("stack-trace212566775", this, "Click to show all stack frames", "Click to hide stack frames")'>Click to show all stack frames</a>
<div class='stack-trace' id='stack-trace212566775'><pre>java.lang.NullPointerException: Cannot invoke &quot;String.equalsIgnoreCase(String)&quot; because &quot;browser&quot; is null
	at com.RahulShetty.Base.BaseTest.LaunchBrowser(BaseTest.java:28)
	at com.RahulShetty.Hooks.Hooks.setUp(Hooks.java:17)
</pre></div></td>
<td>0</td>
<td>com.RahulShetty.Runners.TestRunner@8297b3a</td></tr>
</table><p>
<table width='100%' border='1' class='invocation-passed'>
<tr><td colspan='4' align='center'><b>PASSED TESTS</b></td></tr>
<tr><td><b>Test method</b></td>
<td><b>Attribute(s)</b></td>
<td width="30%"><b>Exception</b></td>
<td width="10%"><b>Time (seconds)</b></td>
<td><b>Instance</b></td>
</tr>
<tr>
<td title='com.RahulShetty.Runners.TestRunner.runScenario()'><b>runScenario</b><br>Test class: com.RahulShetty.Runners.TestRunner<br>Test method: Runs Cucumber Scenarios<br>Parameters: "Verify Web Table Data", "Practise Page Testing"</td>
<td></td>
<td>93</td>
<td>com.RahulShetty.Runners.TestRunner@8297b3a</td></tr>
<tr>
<td title='com.RahulShetty.Runners.TestRunner.runScenario()'><b>runScenario</b><br>Test class: com.RahulShetty.Runners.TestRunner<br>Test method: Runs Cucumber Scenarios<br>Parameters: "Verify Hide and Show functionality", "Practise Page Testing"</td>
<td></td>
<td>94</td>
<td>com.RahulShetty.Runners.TestRunner@8297b3a</td></tr>
<tr>
<td title='com.RahulShetty.Runners.TestRunner.runScenario()'><b>runScenario</b><br>Test class: com.RahulShetty.Runners.TestRunner<br>Test method: Runs Cucumber Scenarios<br>Parameters: "Verify user can switch to new Tab", "Practise Page Testing"</td>
<td></td>
<td>110</td>
<td>com.RahulShetty.Runners.TestRunner@8297b3a</td></tr>
<tr>
<td title='com.RahulShetty.Runners.TestRunner.runScenario()'><b>runScenario</b><br>Test class: com.RahulShetty.Runners.TestRunner<br>Test method: Runs Cucumber Scenarios<br>Parameters: "Verify confirm alert works", "Practise Page Testing"</td>
<td></td>
<td>99</td>
<td>com.RahulShetty.Runners.TestRunner@8297b3a</td></tr>
<tr>
<td title='com.RahulShetty.Runners.TestRunner.runScenario()'><b>runScenario</b><br>Test class: com.RahulShetty.Runners.TestRunner<br>Test method: Runs Cucumber Scenarios<br>Parameters: "Verify user can select values from Dropdown", "Practise Page Testing"</td>
<td></td>
<td>102</td>
<td>com.RahulShetty.Runners.TestRunner@8297b3a</td></tr>
<tr>
<td title='com.RahulShetty.Runners.TestRunner.runScenario()'><b>runScenario</b><br>Test class: com.RahulShetty.Runners.TestRunner<br>Test method: Runs Cucumber Scenarios<br>Parameters: "Verify iframe interaction", "Practise Page Testing"</td>
<td></td>
<td>17</td>
<td>com.RahulShetty.Runners.TestRunner@8297b3a</td></tr>
<tr>
<td title='com.RahulShetty.Runners.TestRunner.runScenario()'><b>runScenario</b><br>Test class: com.RahulShetty.Runners.TestRunner<br>Test method: Runs Cucumber Scenarios<br>Parameters: "Verify each radio button can be selected individually", "Practise Page Testing"</td>
<td></td>
<td>111</td>
<td>com.RahulShetty.Runners.TestRunner@8297b3a</td></tr>
<tr>
<td title='com.RahulShetty.Runners.TestRunner.runScenario()'><b>runScenario</b><br>Test class: com.RahulShetty.Runners.TestRunner<br>Test method: Runs Cucumber Scenarios<br>Parameters: "verify simple alert", "Practise Page Testing"</td>
<td></td>
<td>92</td>
<td>com.RahulShetty.Runners.TestRunner@8297b3a</td></tr>
<tr>
<td title='com.RahulShetty.Runners.TestRunner.runScenario()'><b>runScenario</b><br>Test class: com.RahulShetty.Runners.TestRunner<br>Test method: Runs Cucumber Scenarios<br>Parameters: "Verify Web Table Fixed Header", "Practise Page Testing"</td>
<td></td>
<td>98</td>
<td>com.RahulShetty.Runners.TestRunner@8297b3a</td></tr>
<tr>
<td title='com.RahulShetty.Runners.TestRunner.runScenario()'><b>runScenario</b><br>Test class: com.RahulShetty.Runners.TestRunner<br>Test method: Runs Cucumber Scenarios<br>Parameters: "Verify user can switch to new window", "Practise Page Testing"</td>
<td></td>
<td>93</td>
<td>com.RahulShetty.Runners.TestRunner@8297b3a</td></tr>
</table><p>
</body>
</html>