<?xml version="1.0" encoding="UTF-8"?>
<!-- Generated by org.testng.reporters.JUnitXMLReporter -->
<testsuite ignored="0" hostname="Hari" failures="3" tests="13" name="Default test" time="123.035" errors="0" timestamp="2025-12-06T03:41:26 EST">
  <testcase classname="io.cucumber.testng.AbstractTestNGCucumberTests" name="runScenario" time="0.897">
    <failure type="java.lang.NullPointerException" message="Cannot invoke &amp;quot;String.equalsIgnoreCase(String)&amp;quot; because &amp;quot;browser&amp;quot; is null">
      <![CDATA[java.lang.NullPointerException: Cannot invoke "String.equalsIgnoreCase(String)" because "browser" is null
at com.RahulShetty.Base.BaseTest.LaunchBrowser(BaseTest.java:28)
at com.RahulShetty.Hooks.Hooks.setUp(Hooks.java:17)
]]>
    </failure>
  </testcase> <!-- runScenario -->
  <testcase classname="io.cucumber.testng.AbstractTestNGCucumberTests" name="runScenario" time="92.904"/>
  <testcase classname="io.cucumber.testng.AbstractTestNGCucumberTests" name="runScenario" time="93.445"/>
  <testcase classname="io.cucumber.testng.AbstractTestNGCucumberTests" name="runScenario" time="94.192"/>
  <testcase classname="io.cucumber.testng.AbstractTestNGCucumberTests" name="runScenario" time="93.602"/>
  <testcase classname="io.cucumber.testng.AbstractTestNGCucumberTests" name="runScenario" time="99.075"/>
  <testcase classname="io.cucumber.testng.AbstractTestNGCucumberTests" name="runScenario" time="98.172"/>
  <testcase classname="io.cucumber.testng.AbstractTestNGCucumberTests" name="runScenario" time="102.842"/>
  <testcase classname="io.cucumber.testng.AbstractTestNGCucumberTests" name="runScenario" time="110.392"/>
  <testcase classname="io.cucumber.testng.AbstractTestNGCucumberTests" name="runScenario" time="110.466">
    <failure type="org.openqa.selenium.TimeoutException" message="Expected condition failed: waiting for visibility of all [[[ChromeDriver: chrome on windows (e245135570417080475fde6de713ecd4)] -&amp;gt; css selector: div.ui-menu-item-wrapper], [[ChromeDriver: chrome on windows (e245135570417080475fde6de713ecd4)] -&amp;gt; css selector: div.ui-menu-item-wrapper], [[ChromeDriver: chrome on windows (e245135570417080475fde6de713ecd4)] -&amp;gt; css selector: div.ui-menu-item-wrapper], [[ChromeDriver: chrome on windows (e245135570417080475fde6de713ecd4)] -&amp;gt; css selector: div.ui-menu-item-wrapper], [[ChromeDriver: chrome on windows (e245135570417080475fde6de713ecd4)] -&amp;gt; css selector: div.ui-menu-item-wrapper], [[ChromeDriver: chrome on windows (e245135570417080475fde6de713ecd4)] -&amp;gt; css selector: div.ui-menu-item-wrapper], [[ChromeDriver: chrome on windows (e245135570417080475fde6de713ecd4)] -&amp;gt; css selector: div.ui-menu-item-wrapper], [[ChromeDriver: chrome on windows (e245135570417080475fde6de713ecd4)] -&amp;gt; css selector: div.ui-menu-item-wrapper], [[ChromeDriver: chrome on windows (e245135570417080475fde6de713ecd4)] -&amp;gt; css selector: div.ui-menu-item-wrapper], [[ChromeDriver: chrome on windows (e245135570417080475fde6de713ecd4)] -&amp;gt; css selector: div.ui-menu-item-wrapper], [[ChromeDriver: chrome on windows (e245135570417080475fde6de713ecd4)] -&amp;gt; css selector: div.ui-menu-item-wrapper], [[ChromeDriver: chrome on windows (e245135570417080475fde6de713ecd4)] -&amp;gt; css selector: div.ui-menu-item-wrapper], [[ChromeDriver: chrome on windows (e245135570417080475fde6de713ecd4)] -&amp;gt; css selector: div.ui-menu-item-wrapper], [[ChromeDriver: chrome on windows (e245135570417080475fde6de713ecd4)] -&amp;gt; css selector: div.ui-menu-item-wrapper], [[ChromeDriver: chrome on windows (e245135570417080475fde6de713ecd4)] -&amp;gt; css selector: div.ui-menu-item-wrapper], [[ChromeDriver: chrome on windows (e245135570417080475fde6de713ecd4)] -&amp;gt; css selector: div.ui-menu-item-wrapper], [[ChromeDriver: chrome on windows (e245135570417080475fde6de713ecd4)] -&amp;gt; css selector: div.ui-menu-item-wrapper], [[ChromeDriver: chrome on windows (e245135570417080475fde6de713ecd4)] -&amp;gt; css selector: div.ui-menu-item-wrapper], [[ChromeDriver: chrome on windows (e245135570417080475fde6de713ecd4)] -&amp;gt; css selector: div.ui-menu-item-wrapper], [[ChromeDriver: chrome on windows (e245135570417080475fde6de713ecd4)] -&amp;gt; css selector: div.ui-menu-item-wrapper], [[ChromeDriver: chrome on windows (e245135570417080475fde6de713ecd4)] -&amp;gt; css selector: div.ui-menu-item-wrapper], [[ChromeDriver: chrome on windows (e245135570417080475fde6de713ecd4)] -&amp;gt; css selector: div.ui-menu-item-wrapper], [[ChromeDriver: chrome on windows (e245135570417080475fde6de713ecd4)] -&amp;gt; css selector: div.ui-menu-item-wrapper], [[ChromeDriver: chrome on windows (e245135570417080475fde6de713ecd4)] -&amp;gt; css selector: div.ui-menu-item-wrapper], [[ChromeDriver: chrome on windows (e245135570417080475fde6de713ecd4)] -&amp;gt; css selector: div.ui-menu-item-wrapper], [[ChromeDriver: chrome on windows (e245135570417080475fde6de713ecd4)] -&amp;gt; css selector: div.ui-menu-item-wrapper], [[ChromeDriver: chrome on windows (e245135570417080475fde6de713ecd4)] -&amp;gt; css selector: div.ui-menu-item-wrapper], [[ChromeDriver: chrome on windows (e245135570417080475fde6de713ecd4)] -&amp;gt; css selector: div.ui-menu-item-wrapper], [[ChromeDriver: chrome on windows (e245135570417080475fde6de713ecd4)] -&amp;gt; css selector: div.ui-menu-item-wrapper], [[ChromeDriver: chrome on windows (e245135570417080475fde6de713ecd4)] -&amp;gt; css selector: div.ui-menu-item-wrapper], [[ChromeDriver: chrome on windows (e245135570417080475fde6de713ecd4)] -&amp;gt; css selector: div.ui-menu-item-wrapper], [[ChromeDriver: chrome on windows (e245135570417080475fde6de713ecd4)] -&amp;gt; css selector: div.ui-menu-item-wrapper], [[ChromeDriver: chrome on windows (e245135570417080475fde6de713ecd4)] -&amp;gt; css selector: div.ui-menu-item-wrapper], [[ChromeDriver: chrome on windows (e245135570417080475fde6de713ecd4)] -&amp;gt; css selector: div.ui-menu-item-wrapper], [[ChromeDriver: chrome on windows (e245135570417080475fde6de713ecd4)] -&amp;gt; css selector: div.ui-menu-item-wrapper], [[ChromeDriver: chrome on windows (e245135570417080475fde6de713ecd4)] -&amp;gt; css selector: div.ui-menu-item-wrapper]] (tried for 5 second(s) with 500 milliseconds interval)
Build info: version: &amp;apos;4.25.0&amp;apos;, revision: &amp;apos;8a8aea2337&amp;apos;
System info: os.name: &amp;apos;Windows 11&amp;apos;, os.arch: &amp;apos;amd64&amp;apos;, os.version: &amp;apos;10.0&amp;apos;, java.version: &amp;apos;17.0.12&amp;apos;
Driver info: org.openqa.selenium.chrome.ChromeDriver
Capabilities {acceptInsecureCerts: false, browserName: chrome, browserVersion: 142.0.7444.176, chrome: {chromedriverVersion: 142.0.7444.175 (302067f14a4..., userDataDir: C:\Users\harih\AppData\Loca...}, fedcm:accounts: true, goog:chromeOptions: {debuggerAddress: localhost:57031}, goog:processID: 23528, networkConnectionEnabled: false, pageLoadStrategy: normal, platformName: windows, proxy: Proxy(), se:cdp: ws://localhost:57031/devtoo..., se:cdpVersion: 142.0.7444.176, setWindowRect: true, strictFileInteractability: false, timeouts: {implicit: 0, pageLoad: 300000, script: 30000}, unhandledPromptBehavior: dismiss and notify, webauthn:extension:credBlob: true, webauthn:extension:largeBlob: true, webauthn:extension:minPinLength: true, webauthn:extension:prf: true, webauthn:virtualAuthenticators: true}
Session ID: e245135570417080475fde6de713ecd4">
      <![CDATA[org.openqa.selenium.TimeoutException: Expected condition failed: waiting for visibility of all [[[ChromeDriver: chrome on windows (e245135570417080475fde6de713ecd4)] -> css selector: div.ui-menu-item-wrapper], [[ChromeDriver: chrome on windows (e245135570417080475fde6de713ecd4)] -> css selector: div.ui-menu-item-wrapper], [[ChromeDriver: chrome on windows (e245135570417080475fde6de713ecd4)] -> css selector: div.ui-menu-item-wrapper], [[ChromeDriver: chrome on windows (e245135570417080475fde6de713ecd4)] -> css selector: div.ui-menu-item-wrapper], [[ChromeDriver: chrome on windows (e245135570417080475fde6de713ecd4)] -> css selector: div.ui-menu-item-wrapper], [[ChromeDriver: chrome on windows (e245135570417080475fde6de713ecd4)] -> css selector: div.ui-menu-item-wrapper], [[ChromeDriver: chrome on windows (e245135570417080475fde6de713ecd4)] -> css selector: div.ui-menu-item-wrapper], [[ChromeDriver: chrome on windows (e245135570417080475fde6de713ecd4)] -> css selector: div.ui-menu-item-wrapper], [[ChromeDriver: chrome on windows (e245135570417080475fde6de713ecd4)] -> css selector: div.ui-menu-item-wrapper], [[ChromeDriver: chrome on windows (e245135570417080475fde6de713ecd4)] -> css selector: div.ui-menu-item-wrapper], [[ChromeDriver: chrome on windows (e245135570417080475fde6de713ecd4)] -> css selector: div.ui-menu-item-wrapper], [[ChromeDriver: chrome on windows (e245135570417080475fde6de713ecd4)] -> css selector: div.ui-menu-item-wrapper], [[ChromeDriver: chrome on windows (e245135570417080475fde6de713ecd4)] -> css selector: div.ui-menu-item-wrapper], [[ChromeDriver: chrome on windows (e245135570417080475fde6de713ecd4)] -> css selector: div.ui-menu-item-wrapper], [[ChromeDriver: chrome on windows (e245135570417080475fde6de713ecd4)] -> css selector: div.ui-menu-item-wrapper], [[ChromeDriver: chrome on windows (e245135570417080475fde6de713ecd4)] -> css selector: div.ui-menu-item-wrapper], [[ChromeDriver: chrome on windows (e245135570417080475fde6de713ecd4)] -> css selector: div.ui-menu-item-wrapper], [[ChromeDriver: chrome on windows (e245135570417080475fde6de713ecd4)] -> css selector: div.ui-menu-item-wrapper], [[ChromeDriver: chrome on windows (e245135570417080475fde6de713ecd4)] -> css selector: div.ui-menu-item-wrapper], [[ChromeDriver: chrome on windows (e245135570417080475fde6de713ecd4)] -> css selector: div.ui-menu-item-wrapper], [[ChromeDriver: chrome on windows (e245135570417080475fde6de713ecd4)] -> css selector: div.ui-menu-item-wrapper], [[ChromeDriver: chrome on windows (e245135570417080475fde6de713ecd4)] -> css selector: div.ui-menu-item-wrapper], [[ChromeDriver: chrome on windows (e245135570417080475fde6de713ecd4)] -> css selector: div.ui-menu-item-wrapper], [[ChromeDriver: chrome on windows (e245135570417080475fde6de713ecd4)] -> css selector: div.ui-menu-item-wrapper], [[ChromeDriver: chrome on windows (e245135570417080475fde6de713ecd4)] -> css selector: div.ui-menu-item-wrapper], [[ChromeDriver: chrome on windows (e245135570417080475fde6de713ecd4)] -> css selector: div.ui-menu-item-wrapper], [[ChromeDriver: chrome on windows (e245135570417080475fde6de713ecd4)] -> css selector: div.ui-menu-item-wrapper], [[ChromeDriver: chrome on windows (e245135570417080475fde6de713ecd4)] -> css selector: div.ui-menu-item-wrapper], [[ChromeDriver: chrome on windows (e245135570417080475fde6de713ecd4)] -> css selector: div.ui-menu-item-wrapper], [[ChromeDriver: chrome on windows (e245135570417080475fde6de713ecd4)] -> css selector: div.ui-menu-item-wrapper], [[ChromeDriver: chrome on windows (e245135570417080475fde6de713ecd4)] -> css selector: div.ui-menu-item-wrapper], [[ChromeDriver: chrome on windows (e245135570417080475fde6de713ecd4)] -> css selector: div.ui-menu-item-wrapper], [[ChromeDriver: chrome on windows (e245135570417080475fde6de713ecd4)] -> css selector: div.ui-menu-item-wrapper], [[ChromeDriver: chrome on windows (e245135570417080475fde6de713ecd4)] -> css selector: div.ui-menu-item-wrapper], [[ChromeDriver: chrome on windows (e245135570417080475fde6de713ecd4)] -> css selector: div.ui-menu-item-wrapper], [[ChromeDriver: chrome on windows (e245135570417080475fde6de713ecd4)] -> css selector: div.ui-menu-item-wrapper]] (tried for 5 second(s) with 500 milliseconds interval)
Build info: version: '4.25.0', revision: '8a8aea2337'
System info: os.name: 'Windows 11', os.arch: 'amd64', os.version: '10.0', java.version: '17.0.12'
Driver info: org.openqa.selenium.chrome.ChromeDriver
Capabilities {acceptInsecureCerts: false, browserName: chrome, browserVersion: 142.0.7444.176, chrome: {chromedriverVersion: 142.0.7444.175 (302067f14a4..., userDataDir: C:\Users\harih\AppData\Loca...}, fedcm:accounts: true, goog:chromeOptions: {debuggerAddress: localhost:57031}, goog:processID: 23528, networkConnectionEnabled: false, pageLoadStrategy: normal, platformName: windows, proxy: Proxy(), se:cdp: ws://localhost:57031/devtoo..., se:cdpVersion: 142.0.7444.176, setWindowRect: true, strictFileInteractability: false, timeouts: {implicit: 0, pageLoad: 300000, script: 30000}, unhandledPromptBehavior: dismiss and notify, webauthn:extension:credBlob: true, webauthn:extension:largeBlob: true, webauthn:extension:minPinLength: true, webauthn:extension:prf: true, webauthn:virtualAuthenticators: true}
Session ID: e245135570417080475fde6de713ecd4
at org.openqa.selenium.support.ui.WebDriverWait.timeoutException(WebDriverWait.java:84)
at org.openqa.selenium.support.ui.FluentWait.until(FluentWait.java:228)
at com.RahulShetty.Pages.AutomationPage.SelectSuggestion(AutomationPage.java:172)
at com.RahulShetty.Stepdefs.AutomationPageStepDefs.userSelectsFromSuggestions(AutomationPageStepDefs.java:100)
at ✽.user selects "India" from suggestions(file:///C:/Users/harih/eclipse-workspace/Com.RahulShetty/src/test/resources/features/Automation.feature:40)
]]>
    </failure>
  </testcase> <!-- runScenario -->
  <testcase classname="io.cucumber.testng.AbstractTestNGCucumberTests" name="runScenario" time="111.017"/>
  <testcase classname="io.cucumber.testng.AbstractTestNGCucumberTests" name="runScenario" time="17.04"/>
  <testcase classname="io.cucumber.testng.AbstractTestNGCucumberTests" name="runScenario" time="28.112">
    <failure type="org.openqa.selenium.ElementNotInteractableException" message="element not interactable
  (Session info: chrome=142.0.7444.176)
Build info: version: &amp;apos;4.25.0&amp;apos;, revision: &amp;apos;8a8aea2337&amp;apos;
System info: os.name: &amp;apos;Windows 11&amp;apos;, os.arch: &amp;apos;amd64&amp;apos;, os.version: &amp;apos;10.0&amp;apos;, java.version: &amp;apos;17.0.12&amp;apos;
Driver info: org.openqa.selenium.chrome.ChromeDriver
Command: [d52ca71186b7d1d3dca268cbe3d0c7e8, clickElement {id=f.DC27CB8797136F07C72300F440BB3A24.d.300CAF137ED90EBB89390202CDB14E04.e.31}]
Capabilities {acceptInsecureCerts: false, browserName: chrome, browserVersion: 142.0.7444.176, chrome: {chromedriverVersion: 142.0.7444.175 (302067f14a4..., userDataDir: C:\Users\harih\AppData\Loca...}, fedcm:accounts: true, goog:chromeOptions: {debuggerAddress: localhost:62380}, goog:processID: 11332, networkConnectionEnabled: false, pageLoadStrategy: normal, platformName: windows, proxy: Proxy(), se:cdp: ws://localhost:62380/devtoo..., se:cdpVersion: 142.0.7444.176, setWindowRect: true, strictFileInteractability: false, timeouts: {implicit: 0, pageLoad: 300000, script: 30000}, unhandledPromptBehavior: dismiss and notify, webauthn:extension:credBlob: true, webauthn:extension:largeBlob: true, webauthn:extension:minPinLength: true, webauthn:extension:prf: true, webauthn:virtualAuthenticators: true}
Element: [[ChromeDriver: chrome on windows (d52ca71186b7d1d3dca268cbe3d0c7e8)] -&amp;gt; css selector: .mouse-hover-content a:nth-child(2)]
Session ID: d52ca71186b7d1d3dca268cbe3d0c7e8">
      <![CDATA[org.openqa.selenium.ElementNotInteractableException: element not interactable
  (Session info: chrome=142.0.7444.176)
Build info: version: '4.25.0', revision: '8a8aea2337'
System info: os.name: 'Windows 11', os.arch: 'amd64', os.version: '10.0', java.version: '17.0.12'
Driver info: org.openqa.selenium.chrome.ChromeDriver
Command: [d52ca71186b7d1d3dca268cbe3d0c7e8, clickElement {id=f.DC27CB8797136F07C72300F440BB3A24.d.300CAF137ED90EBB89390202CDB14E04.e.31}]
Capabilities {acceptInsecureCerts: false, browserName: chrome, browserVersion: 142.0.7444.176, chrome: {chromedriverVersion: 142.0.7444.175 (302067f14a4..., userDataDir: C:\Users\harih\AppData\Loca...}, fedcm:accounts: true, goog:chromeOptions: {debuggerAddress: localhost:62380}, goog:processID: 11332, networkConnectionEnabled: false, pageLoadStrategy: normal, platformName: windows, proxy: Proxy(), se:cdp: ws://localhost:62380/devtoo..., se:cdpVersion: 142.0.7444.176, setWindowRect: true, strictFileInteractability: false, timeouts: {implicit: 0, pageLoad: 300000, script: 30000}, unhandledPromptBehavior: dismiss and notify, webauthn:extension:credBlob: true, webauthn:extension:largeBlob: true, webauthn:extension:minPinLength: true, webauthn:extension:prf: true, webauthn:virtualAuthenticators: true}
Element: [[ChromeDriver: chrome on windows (d52ca71186b7d1d3dca268cbe3d0c7e8)] -> css selector: .mouse-hover-content a:nth-child(2)]
Session ID: d52ca71186b7d1d3dca268cbe3d0c7e8
at java.base/jdk.internal.reflect.NativeConstructorAccessorImpl.newInstance0(Native Method)
at java.base/jdk.internal.reflect.NativeConstructorAccessorImpl.newInstance(NativeConstructorAccessorImpl.java:77)
at java.base/jdk.internal.reflect.DelegatingConstructorAccessorImpl.newInstance(DelegatingConstructorAccessorImpl.java:45)
at java.base/java.lang.reflect.Constructor.newInstanceWithCaller(Constructor.java:499)
at java.base/java.lang.reflect.Constructor.newInstance(Constructor.java:480)
at org.openqa.selenium.remote.ErrorCodec.decode(ErrorCodec.java:167)
at org.openqa.selenium.remote.codec.w3c.W3CHttpResponseCodec.decode(W3CHttpResponseCodec.java:138)
at org.openqa.selenium.remote.codec.w3c.W3CHttpResponseCodec.decode(W3CHttpResponseCodec.java:50)
at org.openqa.selenium.remote.HttpCommandExecutor.execute(HttpCommandExecutor.java:190)
at org.openqa.selenium.remote.service.DriverCommandExecutor.invokeExecute(DriverCommandExecutor.java:216)
at org.openqa.selenium.remote.service.DriverCommandExecutor.execute(DriverCommandExecutor.java:174)
at org.openqa.selenium.remote.RemoteWebDriver.execute(RemoteWebDriver.java:545)
at org.openqa.selenium.remote.RemoteWebElement.execute(RemoteWebElement.java:223)
at org.openqa.selenium.remote.RemoteWebElement.click(RemoteWebElement.java:76)
at java.base/jdk.internal.reflect.NativeMethodAccessorImpl.invoke0(Native Method)
at java.base/jdk.internal.reflect.NativeMethodAccessorImpl.invoke(NativeMethodAccessorImpl.java:77)
at java.base/jdk.internal.reflect.DelegatingMethodAccessorImpl.invoke(DelegatingMethodAccessorImpl.java:43)
at java.base/java.lang.reflect.Method.invoke(Method.java:568)
at org.openqa.selenium.support.pagefactory.internal.LocatingElementHandler.invoke(LocatingElementHandler.java:51)
at jdk.proxy2/jdk.proxy2.$Proxy40.click(Unknown Source)
at com.RahulShetty.Pages.AutomationPage.ClickReloadButton(AutomationPage.java:307)
at com.RahulShetty.Stepdefs.AutomationPageStepDefs.userClicksReloadOption(AutomationPageStepDefs.java:250)
at ✽.user clicks Reload option(file:///C:/Users/harih/eclipse-workspace/Com.RahulShetty/src/test/resources/features/Automation.feature:115)
]]>
    </failure>
  </testcase> <!-- runScenario -->
</testsuite> <!-- Default test -->
