<?xml version="1.0" encoding="UTF-8"?>
<testng-results ignored="0" total="1" passed="1" failed="0" skipped="0">
  <reporter-output>
  </reporter-output>
  <suite started-at="2025-11-16T10:19:28 EST" name="Surefire suite" finished-at="2025-11-16T10:19:34 EST" duration-ms="5936">
    <groups>
      <group name="cucumber">
        <method signature="AbstractTestNGCucumberTests.runScenario(io.cucumber.testng.PickleWrapper,io.cucumber.testng.FeatureWrapper)[pri:0, instance:com.RahulShetty.Runners.TestRunner@48ae9b55]" name="runScenario" class="io.cucumber.testng.AbstractTestNGCucumberTests"/>
      </group> <!-- cucumber -->
    </groups>
    <test started-at="2025-11-16T10:19:28 EST" name="Surefire test" finished-at="2025-11-16T10:19:34 EST" duration-ms="5936">
      <class name="com.RahulShetty.Runners.TestRunner">
        <test-method is-config="true" signature="setUpClass(org.testng.ITestContext)[pri:0, instance:com.RahulShetty.Runners.TestRunner@48ae9b55]" started-at="2025-11-16T10:19:28 EST" name="setUpClass" finished-at="2025-11-16T10:19:28 EST" duration-ms="482" status="PASS">
          <params>
            <param index="0">
              <value>
                <![CDATA[org.testng.TestRunner@21f8e55f]]>
              </value>
            </param>
          </params>
          <reporter-output>
          </reporter-output>
        </test-method> <!-- setUpClass -->
        <test-method signature="runScenario(io.cucumber.testng.PickleWrapper,io.cucumber.testng.FeatureWrapper)[pri:0, instance:com.RahulShetty.Runners.TestRunner@48ae9b55]" started-at="2025-11-16T10:19:28 EST" name="runScenario" description="Runs Cucumber Scenarios" data-provider="scenarios" finished-at="2025-11-16T10:19:34 EST" duration-ms="5392" status="PASS">
          <params>
            <param index="0">
              <value>
                <![CDATA["Verify each radio button can be selected individually"]]>
              </value>
            </param>
            <param index="1">
              <value>
                <![CDATA["Practise Page Testing"]]>
              </value>
            </param>
          </params>
          <reporter-output>
          </reporter-output>
        </test-method> <!-- runScenario -->
        <test-method is-config="true" signature="tearDownClass()[pri:0, instance:com.RahulShetty.Runners.TestRunner@48ae9b55]" started-at="2025-11-16T10:19:34 EST" name="tearDownClass" finished-at="2025-11-16T10:19:34 EST" duration-ms="21" status="PASS">
          <reporter-output>
          </reporter-output>
        </test-method> <!-- tearDownClass -->
      </class> <!-- com.RahulShetty.Runners.TestRunner -->
    </test> <!-- Surefire test -->
  </suite> <!-- Surefire suite -->
</testng-results>
