<!DOCTYPE html PUBLIC "-//W3C//DTD XHTML 1.1//EN" "https://www.w3.org/TR/xhtml11/DTD/xhtml11.dtd">
<html xmlns="https://www.w3.org/1999/xhtml">
<head>
<meta http-equiv="content-type" content="text/html; charset=UTF-8"/>
<title>TestNG Report</title>
<style type="text/css">table {margin-bottom:10px;border-collapse:collapse;empty-cells:show}th,td {border:1px solid #009;padding:.25em .5em}th {vertical-align:bottom}td {vertical-align:top}table a {font-weight:bold}.stripe td {background-color: #E6EBF9}.num {text-align:right}.passedodd td {background-color: #3F3}.passedeven td {background-color: #0A0}.skippedodd td {background-color: #DDD}.skippedeven td {background-color: #CCC}.failedodd td,.attn {background-color: #F33}.failedeven td,.stripe .attn {background-color: #D00}.stacktrace {white-space:pre;font-family:monospace}.totop {font-size:85%;text-align:center;border-bottom:2px solid #000}.invisible {display:none}</style>
</head>
<body>
<table>
<tr><th>Test</th><th># Passed</th><th># Skipped</th><th># Retried</th><th># Failed</th><th>Time (ms)</th><th>Included Groups</th><th>Excluded Groups</th></tr>
<tr><th colspan="8">Default suite</th></tr>
<tr><td><a href="#t0">Default test</a></td><td class="num">10</td><td class="num">0</td><td class="num">0</td><td class="num attn">3</td><td class="num">123,035</td><td></td><td></td></tr>
</table>
<table id='summary'><thead><tr><th>Class</th><th>Method</th><th>Start</th><th>Time (ms)</th></tr></thead><tbody><tr><th colspan="4">Default suite</th></tr></tbody><tbody id="t0"><tr><th colspan="4">Default test &#8212; failed</th></tr><tr class="failedeven"><td rowspan="3">com.RahulShetty.Runners.TestRunner</td><td><a href="#m0">runScenario</a></td><td rowspan="3">1765010364044</td><td rowspan="3">110466</td></tr><tr class="failedeven"><td><a href="#m1">runScenario</a></td></tr><tr class="failedeven"><td><a href="#m2">runScenario</a></td></tr><tr><th colspan="4">Default test &#8212; passed</th></tr><tr class="passedeven"><td rowspan="10">com.RahulShetty.Runners.TestRunner</td><td><a href="#m3">runScenario</a></td><td rowspan="10">1765010364046</td><td rowspan="10">93445</td></tr><tr class="passedeven"><td><a href="#m4">runScenario</a></td></tr><tr class="passedeven"><td><a href="#m5">runScenario</a></td></tr><tr class="passedeven"><td><a href="#m6">runScenario</a></td></tr><tr class="passedeven"><td><a href="#m7">runScenario</a></td></tr><tr class="passedeven"><td><a href="#m8">runScenario</a></td></tr><tr class="passedeven"><td><a href="#m9">runScenario</a></td></tr><tr class="passedeven"><td><a href="#m10">runScenario</a></td></tr><tr class="passedeven"><td><a href="#m11">runScenario</a></td></tr><tr class="passedeven"><td><a href="#m12">runScenario</a></td></tr></tbody>
</table>
<h2>Default test</h2><h3 id="m0">com.RahulShetty.Runners.TestRunner#runScenario</h3><table class="result"><tr class="param"><th>Parameter #1</th><th>Parameter #2</th></tr><tr class="param stripe"><td>&quot;verify user can select country from suggestion dropdown&quot;</td><td>&quot;Practise Page Testing&quot;</td></tr><tr><th colspan="2">Exception</th></tr><tr><td colspan="2"><div class="stacktrace">org.openqa.selenium.TimeoutException: Expected condition failed: waiting for visibility of all [[[ChromeDriver: chrome on windows (e245135570417080475fde6de713ecd4)] -&gt; css selector: div.ui-menu-item-wrapper], [[ChromeDriver: chrome on windows (e245135570417080475fde6de713ecd4)] -&gt; css selector: div.ui-menu-item-wrapper], [[ChromeDriver: chrome on windows (e245135570417080475fde6de713ecd4)] -&gt; css selector: div.ui-menu-item-wrapper], [[ChromeDriver: chrome on windows (e245135570417080475fde6de713ecd4)] -&gt; css selector: div.ui-menu-item-wrapper], [[ChromeDriver: chrome on windows (e245135570417080475fde6de713ecd4)] -&gt; css selector: div.ui-menu-item-wrapper], [[ChromeDriver: chrome on windows (e245135570417080475fde6de713ecd4)] -&gt; css selector: div.ui-menu-item-wrapper], [[ChromeDriver: chrome on windows (e245135570417080475fde6de713ecd4)] -&gt; css selector: div.ui-menu-item-wrapper], [[ChromeDriver: chrome on windows (e245135570417080475fde6de713ecd4)] -&gt; css selector: div.ui-menu-item-wrapper], [[ChromeDriver: chrome on windows (e245135570417080475fde6de713ecd4)] -&gt; css selector: div.ui-menu-item-wrapper], [[ChromeDriver: chrome on windows (e245135570417080475fde6de713ecd4)] -&gt; css selector: div.ui-menu-item-wrapper], [[ChromeDriver: chrome on windows (e245135570417080475fde6de713ecd4)] -&gt; css selector: div.ui-menu-item-wrapper], [[ChromeDriver: chrome on windows (e245135570417080475fde6de713ecd4)] -&gt; css selector: div.ui-menu-item-wrapper], [[ChromeDriver: chrome on windows (e245135570417080475fde6de713ecd4)] -&gt; css selector: div.ui-menu-item-wrapper], [[ChromeDriver: chrome on windows (e245135570417080475fde6de713ecd4)] -&gt; css selector: div.ui-menu-item-wrapper], [[ChromeDriver: chrome on windows (e245135570417080475fde6de713ecd4)] -&gt; css selector: div.ui-menu-item-wrapper], [[ChromeDriver: chrome on windows (e245135570417080475fde6de713ecd4)] -&gt; css selector: div.ui-menu-item-wrapper], [[ChromeDriver: chrome on windows (e245135570417080475fde6de713ecd4)] -&gt; css selector: div.ui-menu-item-wrapper], [[ChromeDriver: chrome on windows (e245135570417080475fde6de713ecd4)] -&gt; css selector: div.ui-menu-item-wrapper], [[ChromeDriver: chrome on windows (e245135570417080475fde6de713ecd4)] -&gt; css selector: div.ui-menu-item-wrapper], [[ChromeDriver: chrome on windows (e245135570417080475fde6de713ecd4)] -&gt; css selector: div.ui-menu-item-wrapper], [[ChromeDriver: chrome on windows (e245135570417080475fde6de713ecd4)] -&gt; css selector: div.ui-menu-item-wrapper], [[ChromeDriver: chrome on windows (e245135570417080475fde6de713ecd4)] -&gt; css selector: div.ui-menu-item-wrapper], [[ChromeDriver: chrome on windows (e245135570417080475fde6de713ecd4)] -&gt; css selector: div.ui-menu-item-wrapper], [[ChromeDriver: chrome on windows (e245135570417080475fde6de713ecd4)] -&gt; css selector: div.ui-menu-item-wrapper], [[ChromeDriver: chrome on windows (e245135570417080475fde6de713ecd4)] -&gt; css selector: div.ui-menu-item-wrapper], [[ChromeDriver: chrome on windows (e245135570417080475fde6de713ecd4)] -&gt; css selector: div.ui-menu-item-wrapper], [[ChromeDriver: chrome on windows (e245135570417080475fde6de713ecd4)] -&gt; css selector: div.ui-menu-item-wrapper], [[ChromeDriver: chrome on windows (e245135570417080475fde6de713ecd4)] -&gt; css selector: div.ui-menu-item-wrapper], [[ChromeDriver: chrome on windows (e245135570417080475fde6de713ecd4)] -&gt; css selector: div.ui-menu-item-wrapper], [[ChromeDriver: chrome on windows (e245135570417080475fde6de713ecd4)] -&gt; css selector: div.ui-menu-item-wrapper], [[ChromeDriver: chrome on windows (e245135570417080475fde6de713ecd4)] -&gt; css selector: div.ui-menu-item-wrapper], [[ChromeDriver: chrome on windows (e245135570417080475fde6de713ecd4)] -&gt; css selector: div.ui-menu-item-wrapper], [[ChromeDriver: chrome on windows (e245135570417080475fde6de713ecd4)] -&gt; css selector: div.ui-menu-item-wrapper], [[ChromeDriver: chrome on windows (e245135570417080475fde6de713ecd4)] -&gt; css selector: div.ui-menu-item-wrapper], [[ChromeDriver: chrome on windows (e245135570417080475fde6de713ecd4)] -&gt; css selector: div.ui-menu-item-wrapper], [[ChromeDriver: chrome on windows (e245135570417080475fde6de713ecd4)] -&gt; css selector: div.ui-menu-item-wrapper]] (tried for 5 second(s) with 500 milliseconds interval)
Build info: version: &apos;4.25.0&apos;, revision: &apos;8a8aea2337&apos;
System info: os.name: &apos;Windows 11&apos;, os.arch: &apos;amd64&apos;, os.version: &apos;10.0&apos;, java.version: &apos;17.0.12&apos;
Driver info: org.openqa.selenium.chrome.ChromeDriver
Capabilities {acceptInsecureCerts: false, browserName: chrome, browserVersion: 142.0.7444.176, chrome: {chromedriverVersion: 142.0.7444.175 (302067f14a4..., userDataDir: C:\Users\harih\AppData\Loca...}, fedcm:accounts: true, goog:chromeOptions: {debuggerAddress: localhost:57031}, goog:processID: 23528, networkConnectionEnabled: false, pageLoadStrategy: normal, platformName: windows, proxy: Proxy(), se:cdp: ws://localhost:57031/devtoo..., se:cdpVersion: 142.0.7444.176, setWindowRect: true, strictFileInteractability: false, timeouts: {implicit: 0, pageLoad: 300000, script: 30000}, unhandledPromptBehavior: dismiss and notify, webauthn:extension:credBlob: true, webauthn:extension:largeBlob: true, webauthn:extension:minPinLength: true, webauthn:extension:prf: true, webauthn:virtualAuthenticators: true}
Session ID: e245135570417080475fde6de713ecd4
	at org.openqa.selenium.support.ui.WebDriverWait.timeoutException(WebDriverWait.java:84)
	at org.openqa.selenium.support.ui.FluentWait.until(FluentWait.java:228)
	at com.RahulShetty.Pages.AutomationPage.SelectSuggestion(AutomationPage.java:172)
	at com.RahulShetty.Stepdefs.AutomationPageStepDefs.userSelectsFromSuggestions(AutomationPageStepDefs.java:100)
	at ✽.user selects &quot;India&quot; from suggestions(file:///C:/Users/harih/eclipse-workspace/Com.RahulShetty/src/test/resources/features/Automation.feature:40)
</div></td></tr></table><p class="totop"><a href="#summary">back to summary</a></p>
<h3 id="m1">com.RahulShetty.Runners.TestRunner#runScenario</h3><table class="result"><tr class="param"><th>Parameter #1</th><th>Parameter #2</th></tr><tr class="param stripe"><td>&quot;Verify Mouse Hover Options work&quot;</td><td>&quot;Practise Page Testing&quot;</td></tr><tr><th colspan="2">Exception</th></tr><tr><td colspan="2"><div class="stacktrace">org.openqa.selenium.ElementNotInteractableException: element not interactable
  (Session info: chrome=142.0.7444.176)
Build info: version: &apos;4.25.0&apos;, revision: &apos;8a8aea2337&apos;
System info: os.name: &apos;Windows 11&apos;, os.arch: &apos;amd64&apos;, os.version: &apos;10.0&apos;, java.version: &apos;17.0.12&apos;
Driver info: org.openqa.selenium.chrome.ChromeDriver
Command: [d52ca71186b7d1d3dca268cbe3d0c7e8, clickElement {id=f.DC27CB8797136F07C72300F440BB3A24.d.300CAF137ED90EBB89390202CDB14E04.e.31}]
Capabilities {acceptInsecureCerts: false, browserName: chrome, browserVersion: 142.0.7444.176, chrome: {chromedriverVersion: 142.0.7444.175 (302067f14a4..., userDataDir: C:\Users\harih\AppData\Loca...}, fedcm:accounts: true, goog:chromeOptions: {debuggerAddress: localhost:62380}, goog:processID: 11332, networkConnectionEnabled: false, pageLoadStrategy: normal, platformName: windows, proxy: Proxy(), se:cdp: ws://localhost:62380/devtoo..., se:cdpVersion: 142.0.7444.176, setWindowRect: true, strictFileInteractability: false, timeouts: {implicit: 0, pageLoad: 300000, script: 30000}, unhandledPromptBehavior: dismiss and notify, webauthn:extension:credBlob: true, webauthn:extension:largeBlob: true, webauthn:extension:minPinLength: true, webauthn:extension:prf: true, webauthn:virtualAuthenticators: true}
Element: [[ChromeDriver: chrome on windows (d52ca71186b7d1d3dca268cbe3d0c7e8)] -&gt; css selector: .mouse-hover-content a:nth-child(2)]
Session ID: d52ca71186b7d1d3dca268cbe3d0c7e8
	at java.base/jdk.internal.reflect.NativeConstructorAccessorImpl.newInstance0(Native Method)
	at java.base/jdk.internal.reflect.NativeConstructorAccessorImpl.newInstance(NativeConstructorAccessorImpl.java:77)
	at java.base/jdk.internal.reflect.DelegatingConstructorAccessorImpl.newInstance(DelegatingConstructorAccessorImpl.java:45)
	at java.base/java.lang.reflect.Constructor.newInstanceWithCaller(Constructor.java:499)
	at java.base/java.lang.reflect.Constructor.newInstance(Constructor.java:480)
	at org.openqa.selenium.remote.ErrorCodec.decode(ErrorCodec.java:167)
	at org.openqa.selenium.remote.codec.w3c.W3CHttpResponseCodec.decode(W3CHttpResponseCodec.java:138)
	at org.openqa.selenium.remote.codec.w3c.W3CHttpResponseCodec.decode(W3CHttpResponseCodec.java:50)
	at org.openqa.selenium.remote.HttpCommandExecutor.execute(HttpCommandExecutor.java:190)
	at org.openqa.selenium.remote.service.DriverCommandExecutor.invokeExecute(DriverCommandExecutor.java:216)
	at org.openqa.selenium.remote.service.DriverCommandExecutor.execute(DriverCommandExecutor.java:174)
	at org.openqa.selenium.remote.RemoteWebDriver.execute(RemoteWebDriver.java:545)
	at org.openqa.selenium.remote.RemoteWebElement.execute(RemoteWebElement.java:223)
	at org.openqa.selenium.remote.RemoteWebElement.click(RemoteWebElement.java:76)
	at java.base/jdk.internal.reflect.NativeMethodAccessorImpl.invoke0(Native Method)
	at java.base/jdk.internal.reflect.NativeMethodAccessorImpl.invoke(NativeMethodAccessorImpl.java:77)
	at java.base/jdk.internal.reflect.DelegatingMethodAccessorImpl.invoke(DelegatingMethodAccessorImpl.java:43)
	at java.base/java.lang.reflect.Method.invoke(Method.java:568)
	at org.openqa.selenium.support.pagefactory.internal.LocatingElementHandler.invoke(LocatingElementHandler.java:51)
	at jdk.proxy2/jdk.proxy2.$Proxy40.click(Unknown Source)
	at com.RahulShetty.Pages.AutomationPage.ClickReloadButton(AutomationPage.java:307)
	at com.RahulShetty.Stepdefs.AutomationPageStepDefs.userClicksReloadOption(AutomationPageStepDefs.java:250)
	at ✽.user clicks Reload option(file:///C:/Users/harih/eclipse-workspace/Com.RahulShetty/src/test/resources/features/Automation.feature:115)
</div></td></tr></table><p class="totop"><a href="#summary">back to summary</a></p>
<h3 id="m2">com.RahulShetty.Runners.TestRunner#runScenario</h3><table class="result"><tr class="param"><th>Parameter #1</th><th>Parameter #2</th></tr><tr class="param stripe"><td>&quot;Verify user can select multiple checkbox&quot;</td><td>&quot;Practise Page Testing&quot;</td></tr><tr><th colspan="2">Exception</th></tr><tr><td colspan="2"><div class="stacktrace">java.lang.NullPointerException: Cannot invoke &quot;String.equalsIgnoreCase(String)&quot; because &quot;browser&quot; is null
	at com.RahulShetty.Base.BaseTest.LaunchBrowser(BaseTest.java:28)
	at com.RahulShetty.Hooks.Hooks.setUp(Hooks.java:17)
</div></td></tr></table><p class="totop"><a href="#summary">back to summary</a></p>
<h3 id="m3">com.RahulShetty.Runners.TestRunner#runScenario</h3><table class="result"><tr class="param"><th>Parameter #1</th><th>Parameter #2</th></tr><tr class="param stripe"><td>&quot;Verify Web Table Data&quot;</td><td>&quot;Practise Page Testing&quot;</td></tr></table><p class="totop"><a href="#summary">back to summary</a></p>
<h3 id="m4">com.RahulShetty.Runners.TestRunner#runScenario</h3><table class="result"><tr class="param"><th>Parameter #1</th><th>Parameter #2</th></tr><tr class="param stripe"><td>&quot;Verify Hide and Show functionality&quot;</td><td>&quot;Practise Page Testing&quot;</td></tr></table><p class="totop"><a href="#summary">back to summary</a></p>
<h3 id="m5">com.RahulShetty.Runners.TestRunner#runScenario</h3><table class="result"><tr class="param"><th>Parameter #1</th><th>Parameter #2</th></tr><tr class="param stripe"><td>&quot;Verify user can switch to new Tab&quot;</td><td>&quot;Practise Page Testing&quot;</td></tr></table><p class="totop"><a href="#summary">back to summary</a></p>
<h3 id="m6">com.RahulShetty.Runners.TestRunner#runScenario</h3><table class="result"><tr class="param"><th>Parameter #1</th><th>Parameter #2</th></tr><tr class="param stripe"><td>&quot;Verify confirm alert works&quot;</td><td>&quot;Practise Page Testing&quot;</td></tr></table><p class="totop"><a href="#summary">back to summary</a></p>
<h3 id="m7">com.RahulShetty.Runners.TestRunner#runScenario</h3><table class="result"><tr class="param"><th>Parameter #1</th><th>Parameter #2</th></tr><tr class="param stripe"><td>&quot;Verify user can select values from Dropdown&quot;</td><td>&quot;Practise Page Testing&quot;</td></tr></table><p class="totop"><a href="#summary">back to summary</a></p>
<h3 id="m8">com.RahulShetty.Runners.TestRunner#runScenario</h3><table class="result"><tr class="param"><th>Parameter #1</th><th>Parameter #2</th></tr><tr class="param stripe"><td>&quot;Verify iframe interaction&quot;</td><td>&quot;Practise Page Testing&quot;</td></tr></table><p class="totop"><a href="#summary">back to summary</a></p>
<h3 id="m9">com.RahulShetty.Runners.TestRunner#runScenario</h3><table class="result"><tr class="param"><th>Parameter #1</th><th>Parameter #2</th></tr><tr class="param stripe"><td>&quot;Verify each radio button can be selected individually&quot;</td><td>&quot;Practise Page Testing&quot;</td></tr></table><p class="totop"><a href="#summary">back to summary</a></p>
<h3 id="m10">com.RahulShetty.Runners.TestRunner#runScenario</h3><table class="result"><tr class="param"><th>Parameter #1</th><th>Parameter #2</th></tr><tr class="param stripe"><td>&quot;verify simple alert&quot;</td><td>&quot;Practise Page Testing&quot;</td></tr></table><p class="totop"><a href="#summary">back to summary</a></p>
<h3 id="m11">com.RahulShetty.Runners.TestRunner#runScenario</h3><table class="result"><tr class="param"><th>Parameter #1</th><th>Parameter #2</th></tr><tr class="param stripe"><td>&quot;Verify Web Table Fixed Header&quot;</td><td>&quot;Practise Page Testing&quot;</td></tr></table><p class="totop"><a href="#summary">back to summary</a></p>
<h3 id="m12">com.RahulShetty.Runners.TestRunner#runScenario</h3><table class="result"><tr class="param"><th>Parameter #1</th><th>Parameter #2</th></tr><tr class="param stripe"><td>&quot;Verify user can switch to new window&quot;</td><td>&quot;Practise Page Testing&quot;</td></tr></table><p class="totop"><a href="#summary">back to summary</a></p>
</body>
</html>
