<?xml version="1.0" encoding="UTF-8"?>
<testng-results ignored="0" total="13" passed="13" failed="0" skipped="0">
  <reporter-output>
  </reporter-output>
  <suite started-at="2025-12-04T03:54:00 EST" name="Default suite" finished-at="2025-12-04T03:54:48 EST" duration-ms="48115">
    <groups>
      <group name="cucumber">
        <method signature="AbstractTestNGCucumberTests.runScenario(io.cucumber.testng.PickleWrapper,io.cucumber.testng.FeatureWrapper)[pri:0, instance:com.RahulShetty.Runners.TestRunner@8297b3a]" name="runScenario" class="io.cucumber.testng.AbstractTestNGCucumberTests"/>
      </group> <!-- cucumber -->
    </groups>
    <test started-at="2025-12-04T03:54:00 EST" name="Default test" finished-at="2025-12-04T03:54:48 EST" duration-ms="48115">
      <class name="com.RahulShetty.Runners.TestRunner">
        <test-method is-config="true" signature="setUpClass(org.testng.ITestContext)[pri:0, instance:com.RahulShetty.Runners.TestRunner@8297b3a]" started-at="2025-12-04T03:54:00 EST" name="setUpClass" finished-at="2025-12-04T03:54:01 EST" duration-ms="642" status="PASS">
          <params>
            <param index="0">
              <value>
                <![CDATA[org.testng.TestRunner@669513d8]]>
              </value>
            </param>
          </params>
          <reporter-output>
          </reporter-output>
        </test-method> <!-- setUpClass -->
        <test-method signature="runScenario(io.cucumber.testng.PickleWrapper,io.cucumber.testng.FeatureWrapper)[pri:0, instance:com.RahulShetty.Runners.TestRunner@8297b3a]" started-at="2025-12-04T03:54:01 EST" name="runScenario" description="Runs Cucumber Scenarios" data-provider="scenarios" finished-at="2025-12-04T03:54:42 EST" duration-ms="41184" status="PASS">
          <params>
            <param index="0">
              <value>
                <![CDATA["Verify each radio button can be selected individually"]]>
              </value>
            </param>
            <param index="1">
              <value>
                <![CDATA["Practise Page Testing"]]>
              </value>
            </param>
          </params>
          <reporter-output>
          </reporter-output>
        </test-method> <!-- runScenario -->
        <test-method signature="runScenario(io.cucumber.testng.PickleWrapper,io.cucumber.testng.FeatureWrapper)[pri:0, instance:com.RahulShetty.Runners.TestRunner@8297b3a]" started-at="2025-12-04T03:54:01 EST" name="runScenario" description="Runs Cucumber Scenarios" data-provider="scenarios" finished-at="2025-12-04T03:54:40 EST" duration-ms="38923" status="PASS">
          <params>
            <param index="0">
              <value>
                <![CDATA["Verify user can switch to new window"]]>
              </value>
            </param>
            <param index="1">
              <value>
                <![CDATA["Practise Page Testing"]]>
              </value>
            </param>
          </params>
          <reporter-output>
          </reporter-output>
        </test-method> <!-- runScenario -->
        <test-method signature="runScenario(io.cucumber.testng.PickleWrapper,io.cucumber.testng.FeatureWrapper)[pri:0, instance:com.RahulShetty.Runners.TestRunner@8297b3a]" started-at="2025-12-04T03:54:01 EST" name="runScenario" description="Runs Cucumber Scenarios" data-provider="scenarios" finished-at="2025-12-04T03:54:40 EST" duration-ms="38905" status="PASS">
          <params>
            <param index="0">
              <value>
                <![CDATA["verify user can select country from suggestion dropdown"]]>
              </value>
            </param>
            <param index="1">
              <value>
                <![CDATA["Practise Page Testing"]]>
              </value>
            </param>
          </params>
          <reporter-output>
          </reporter-output>
        </test-method> <!-- runScenario -->
        <test-method signature="runScenario(io.cucumber.testng.PickleWrapper,io.cucumber.testng.FeatureWrapper)[pri:0, instance:com.RahulShetty.Runners.TestRunner@8297b3a]" started-at="2025-12-04T03:54:01 EST" name="runScenario" description="Runs Cucumber Scenarios" data-provider="scenarios" finished-at="2025-12-04T03:54:40 EST" duration-ms="38904" status="PASS">
          <params>
            <param index="0">
              <value>
                <![CDATA["Verify user can select multiple checkbox"]]>
              </value>
            </param>
            <param index="1">
              <value>
                <![CDATA["Practise Page Testing"]]>
              </value>
            </param>
          </params>
          <reporter-output>
          </reporter-output>
        </test-method> <!-- runScenario -->
        <test-method signature="runScenario(io.cucumber.testng.PickleWrapper,io.cucumber.testng.FeatureWrapper)[pri:0, instance:com.RahulShetty.Runners.TestRunner@8297b3a]" started-at="2025-12-04T03:54:01 EST" name="runScenario" description="Runs Cucumber Scenarios" data-provider="scenarios" finished-at="2025-12-04T03:54:40 EST" duration-ms="38904" status="PASS">
          <params>
            <param index="0">
              <value>
                <![CDATA["Verify user can select values from Dropdown"]]>
              </value>
            </param>
            <param index="1">
              <value>
                <![CDATA["Practise Page Testing"]]>
              </value>
            </param>
          </params>
          <reporter-output>
          </reporter-output>
        </test-method> <!-- runScenario -->
        <test-method signature="runScenario(io.cucumber.testng.PickleWrapper,io.cucumber.testng.FeatureWrapper)[pri:0, instance:com.RahulShetty.Runners.TestRunner@8297b3a]" started-at="2025-12-04T03:54:01 EST" name="runScenario" description="Runs Cucumber Scenarios" data-provider="scenarios" finished-at="2025-12-04T03:54:40 EST" duration-ms="38934" status="PASS">
          <params>
            <param index="0">
              <value>
                <![CDATA["Verify confirm alert works"]]>
              </value>
            </param>
            <param index="1">
              <value>
                <![CDATA["Practise Page Testing"]]>
              </value>
            </param>
          </params>
          <reporter-output>
          </reporter-output>
        </test-method> <!-- runScenario -->
        <test-method signature="runScenario(io.cucumber.testng.PickleWrapper,io.cucumber.testng.FeatureWrapper)[pri:0, instance:com.RahulShetty.Runners.TestRunner@8297b3a]" started-at="2025-12-04T03:54:01 EST" name="runScenario" description="Runs Cucumber Scenarios" data-provider="scenarios" finished-at="2025-12-04T03:54:40 EST" duration-ms="38904" status="PASS">
          <params>
            <param index="0">
              <value>
                <![CDATA["Verify Web Table Data"]]>
              </value>
            </param>
            <param index="1">
              <value>
                <![CDATA["Practise Page Testing"]]>
              </value>
            </param>
          </params>
          <reporter-output>
          </reporter-output>
        </test-method> <!-- runScenario -->
        <test-method signature="runScenario(io.cucumber.testng.PickleWrapper,io.cucumber.testng.FeatureWrapper)[pri:0, instance:com.RahulShetty.Runners.TestRunner@8297b3a]" started-at="2025-12-04T03:54:01 EST" name="runScenario" description="Runs Cucumber Scenarios" data-provider="scenarios" finished-at="2025-12-04T03:54:40 EST" duration-ms="38904" status="PASS">
          <params>
            <param index="0">
              <value>
                <![CDATA["verify simple alert"]]>
              </value>
            </param>
            <param index="1">
              <value>
                <![CDATA["Practise Page Testing"]]>
              </value>
            </param>
          </params>
          <reporter-output>
          </reporter-output>
        </test-method> <!-- runScenario -->
        <test-method signature="runScenario(io.cucumber.testng.PickleWrapper,io.cucumber.testng.FeatureWrapper)[pri:0, instance:com.RahulShetty.Runners.TestRunner@8297b3a]" started-at="2025-12-04T03:54:01 EST" name="runScenario" description="Runs Cucumber Scenarios" data-provider="scenarios" finished-at="2025-12-04T03:54:40 EST" duration-ms="38918" status="PASS">
          <params>
            <param index="0">
              <value>
                <![CDATA["Verify Hide and Show functionality"]]>
              </value>
            </param>
            <param index="1">
              <value>
                <![CDATA["Practise Page Testing"]]>
              </value>
            </param>
          </params>
          <reporter-output>
          </reporter-output>
        </test-method> <!-- runScenario -->
        <test-method signature="runScenario(io.cucumber.testng.PickleWrapper,io.cucumber.testng.FeatureWrapper)[pri:0, instance:com.RahulShetty.Runners.TestRunner@8297b3a]" started-at="2025-12-04T03:54:01 EST" name="runScenario" description="Runs Cucumber Scenarios" data-provider="scenarios" finished-at="2025-12-04T03:54:40 EST" duration-ms="39006" status="PASS">
          <params>
            <param index="0">
              <value>
                <![CDATA["Verify user can switch to new Tab"]]>
              </value>
            </param>
            <param index="1">
              <value>
                <![CDATA["Practise Page Testing"]]>
              </value>
            </param>
          </params>
          <reporter-output>
          </reporter-output>
        </test-method> <!-- runScenario -->
        <test-method signature="runScenario(io.cucumber.testng.PickleWrapper,io.cucumber.testng.FeatureWrapper)[pri:0, instance:com.RahulShetty.Runners.TestRunner@8297b3a]" started-at="2025-12-04T03:54:40 EST" name="runScenario" description="Runs Cucumber Scenarios" data-provider="scenarios" finished-at="2025-12-04T03:54:48 EST" duration-ms="8480" status="PASS">
          <params>
            <param index="0">
              <value>
                <![CDATA["Verify Mouse Hover Options work"]]>
              </value>
            </param>
            <param index="1">
              <value>
                <![CDATA["Practise Page Testing"]]>
              </value>
            </param>
          </params>
          <reporter-output>
          </reporter-output>
        </test-method> <!-- runScenario -->
        <test-method signature="runScenario(io.cucumber.testng.PickleWrapper,io.cucumber.testng.FeatureWrapper)[pri:0, instance:com.RahulShetty.Runners.TestRunner@8297b3a]" started-at="2025-12-04T03:54:40 EST" name="runScenario" description="Runs Cucumber Scenarios" data-provider="scenarios" finished-at="2025-12-04T03:54:48 EST" duration-ms="8319" status="PASS">
          <params>
            <param index="0">
              <value>
                <![CDATA["Verify Web Table Fixed Header"]]>
              </value>
            </param>
            <param index="1">
              <value>
                <![CDATA["Practise Page Testing"]]>
              </value>
            </param>
          </params>
          <reporter-output>
          </reporter-output>
        </test-method> <!-- runScenario -->
        <test-method signature="runScenario(io.cucumber.testng.PickleWrapper,io.cucumber.testng.FeatureWrapper)[pri:0, instance:com.RahulShetty.Runners.TestRunner@8297b3a]" started-at="2025-12-04T03:54:40 EST" name="runScenario" description="Runs Cucumber Scenarios" data-provider="scenarios" finished-at="2025-12-04T03:54:48 EST" duration-ms="8370" status="PASS">
          <params>
            <param index="0">
              <value>
                <![CDATA["Verify iframe interaction"]]>
              </value>
            </param>
            <param index="1">
              <value>
                <![CDATA["Practise Page Testing"]]>
              </value>
            </param>
          </params>
          <reporter-output>
          </reporter-output>
        </test-method> <!-- runScenario -->
        <test-method is-config="true" signature="tearDownClass()[pri:0, instance:com.RahulShetty.Runners.TestRunner@8297b3a]" started-at="2025-12-04T03:54:48 EST" name="tearDownClass" finished-at="2025-12-04T03:54:48 EST" duration-ms="24" status="PASS">
          <reporter-output>
          </reporter-output>
        </test-method> <!-- tearDownClass -->
      </class> <!-- com.RahulShetty.Runners.TestRunner -->
    </test> <!-- Default test -->
  </suite> <!-- Default suite -->
</testng-results>
