<?xml version="1.0" encoding="UTF-8"?>
<testng-results ignored="0" total="1" passed="1" failed="0" skipped="0">
  <reporter-output>
  </reporter-output>
  <suite started-at="2025-12-03T12:57:52 EST" name="Default suite" finished-at="2025-12-03T12:57:58 EST" duration-ms="5279">
    <groups>
      <group name="cucumber">
        <method signature="AbstractTestNGCucumberTests.runScenario(io.cucumber.testng.PickleWrapper,io.cucumber.testng.FeatureWrapper)[pri:0, instance:com.RahulShetty.Runners.TestRunner@8297b3a]" name="runScenario" class="io.cucumber.testng.AbstractTestNGCucumberTests"/>
      </group> <!-- cucumber -->
    </groups>
    <test started-at="2025-12-03T12:57:52 EST" name="Default test" finished-at="2025-12-03T12:57:58 EST" duration-ms="5279">
      <class name="com.RahulShetty.Runners.TestRunner">
        <test-method is-config="true" signature="setUpClass(org.testng.ITestContext)[pri:0, instance:com.RahulShetty.Runners.TestRunner@8297b3a]" started-at="2025-12-03T12:57:52 EST" name="setUpClass" finished-at="2025-12-03T12:57:53 EST" duration-ms="606" status="PASS">
          <params>
            <param index="0">
              <value>
                <![CDATA[org.testng.TestRunner@5d5d9e5]]>
              </value>
            </param>
          </params>
          <reporter-output>
          </reporter-output>
        </test-method> <!-- setUpClass -->
        <test-method signature="runScenario(io.cucumber.testng.PickleWrapper,io.cucumber.testng.FeatureWrapper)[pri:0, instance:com.RahulShetty.Runners.TestRunner@8297b3a]" started-at="2025-12-03T12:57:53 EST" name="runScenario" description="Runs Cucumber Scenarios" data-provider="scenarios" finished-at="2025-12-03T12:57:58 EST" duration-ms="4602" status="PASS">
          <params>
            <param index="0">
              <value>
                <![CDATA["Verify Web Table Fixed Header"]]>
              </value>
            </param>
            <param index="1">
              <value>
                <![CDATA["Practise Page Testing"]]>
              </value>
            </param>
          </params>
          <reporter-output>
          </reporter-output>
        </test-method> <!-- runScenario -->
        <test-method is-config="true" signature="tearDownClass()[pri:0, instance:com.RahulShetty.Runners.TestRunner@8297b3a]" started-at="2025-12-03T12:57:58 EST" name="tearDownClass" finished-at="2025-12-03T12:57:58 EST" duration-ms="23" status="PASS">
          <reporter-output>
          </reporter-output>
        </test-method> <!-- tearDownClass -->
      </class> <!-- com.RahulShetty.Runners.TestRunner -->
    </test> <!-- Default test -->
  </suite> <!-- Default suite -->
</testng-results>
