<?xml version="1.0" encoding="UTF-8"?>
<testng-results ignored="0" total="1" passed="1" failed="0" skipped="0">
  <reporter-output>
  </reporter-output>
  <suite started-at="2026-01-02T06:44:58 EST" name="Default suite" finished-at="2026-01-02T06:45:08 EST" duration-ms="10936">
    <groups>
      <group name="cucumber">
        <method signature="AbstractTestNGCucumberTests.runScenario(io.cucumber.testng.PickleWrapper,io.cucumber.testng.FeatureWrapper)[pri:0, instance:com.RahulShetty.Runners.TestRunner@8297b3a]" name="runScenario" class="io.cucumber.testng.AbstractTestNGCucumberTests"/>
      </group> <!-- cucumber -->
    </groups>
    <test started-at="2026-01-02T06:44:58 EST" name="Default test" finished-at="2026-01-02T06:45:08 EST" duration-ms="10936">
      <class name="com.RahulShetty.Runners.TestRunner">
        <test-method is-config="true" signature="setUpClass(org.testng.ITestContext)[pri:0, instance:com.RahulShetty.Runners.TestRunner@8297b3a]" started-at="2026-01-02T06:44:58 EST" name="setUpClass" finished-at="2026-01-02T06:44:58 EST" duration-ms="604" status="PASS">
          <params>
            <param index="0">
              <value>
                <![CDATA[org.testng.TestRunner@6fefce9e]]>
              </value>
            </param>
          </params>
          <reporter-output>
          </reporter-output>
        </test-method> <!-- setUpClass -->
        <test-method signature="runScenario(io.cucumber.testng.PickleWrapper,io.cucumber.testng.FeatureWrapper)[pri:0, instance:com.RahulShetty.Runners.TestRunner@8297b3a]" started-at="2026-01-02T06:44:58 EST" name="runScenario" description="Runs Cucumber Scenarios" data-provider="scenarios" finished-at="2026-01-02T06:45:08 EST" duration-ms="10257" status="PASS">
          <params>
            <param index="0">
              <value>
                <![CDATA["Verify user can place order successfully with selected Products"]]>
              </value>
            </param>
            <param index="1">
              <value>
                <![CDATA["Place order successfully in Greenkart application as a user"]]>
              </value>
            </param>
          </params>
          <reporter-output>
          </reporter-output>
        </test-method> <!-- runScenario -->
        <test-method is-config="true" signature="tearDownClass()[pri:0, instance:com.RahulShetty.Runners.TestRunner@8297b3a]" started-at="2026-01-02T06:45:08 EST" name="tearDownClass" finished-at="2026-01-02T06:45:08 EST" duration-ms="19" status="PASS">
          <reporter-output>
          </reporter-output>
        </test-method> <!-- tearDownClass -->
      </class> <!-- com.RahulShetty.Runners.TestRunner -->
    </test> <!-- Default test -->
  </suite> <!-- Default suite -->
</testng-results>
