<?xml version="1.0" encoding="UTF-8"?>
<!-- Generated by org.testng.reporters.JUnitReportReporter -->
<testsuite hostname="Hari" failures="0" tests="13" name="com.RahulShetty.Runners.TestRunner" time="416.655" errors="0" timestamp="2025-12-04T03:54:49 EST" skipped="0">
  <testcase classname="com.RahulShetty.Runners.TestRunner" name="runScenario" time="38.904"/>
  <testcase classname="com.RahulShetty.Runners.TestRunner" name="runScenario" time="38.904"/>
  <testcase classname="com.RahulShetty.Runners.TestRunner" name="runScenario" time="38.934"/>
  <testcase classname="com.RahulShetty.Runners.TestRunner" name="runScenario" time="41.184"/>
  <testcase classname="com.RahulShetty.Runners.TestRunner" name="runScenario" time="38.904"/>
  <testcase classname="com.RahulShetty.Runners.TestRunner" name="runScenario" time="38.923"/>
  <testcase classname="com.RahulShetty.Runners.TestRunner" name="runScenario" time="8.370"/>
  <testcase classname="com.RahulShetty.Runners.TestRunner" name="runScenario" time="8.480"/>
  <testcase classname="com.RahulShetty.Runners.TestRunner" name="runScenario" time="38.904"/>
  <testcase classname="com.RahulShetty.Runners.TestRunner" name="runScenario" time="38.905"/>
  <testcase classname="com.RahulShetty.Runners.TestRunner" name="runScenario" time="38.918"/>
  <testcase classname="com.RahulShetty.Runners.TestRunner" name="runScenario" time="8.319"/>
  <testcase classname="com.RahulShetty.Runners.TestRunner" name="runScenario" time="39.006"/>
</testsuite> <!-- com.RahulShetty.Runners.TestRunner -->
