<?xml version="1.0" encoding="UTF-8"?>
<!-- Generated by org.testng.reporters.JUnitReportReporter -->
<testsuite hostname="Hari" failures="0" tests="2" name="com.RahulShetty.Runners.TestRunner" time="10.663" errors="0" timestamp="2025-11-28T07:19:30 EST" skipped="0">
  <testcase classname="com.RahulShetty.Runners.TestRunner" name="runScenario" time="5.386"/>
  <testcase classname="com.RahulShetty.Runners.TestRunner" name="runScenario" time="5.277"/>
</testsuite> <!-- com.RahulShetty.Runners.TestRunner -->
